
Number of users: 20
Number of classes: 10
Min # of samples per uesr: 10
Alpha for Dirichlet Distribution: 0.05
Ratio for Sampling Training Data: 0.5
Reading source dataset.
Loading data from storage ...
Rearrange data by class...
TRAIN SET:
  Total #samples: 124800. sample shape: torch.Size([1, 28, 28])
  #samples per class:
 [4800, 4800, 4800, 4800, 4800, 4800, 4800, 4800, 4800, 4800]
Loading data from storage ...
Rearrange data by class...
TEST SET:
  Total #samples: 20800. sample shape: torch.Size([1, 28, 28])
  #samples per class:
 [800, 800, 800, 800, 800, 800, 800, 800, 800, 800]
10 labels in total.
Try to find valid data separation
7 4800 2400
3 4800 2400
2 4800 2400
8 4800 2400
5 4800 2400
6 4800 2400
9 4800 2400
4 4800 2400
0 4800 2400
1 4800 2400
processing users...
TRAIN #sample by user: [28, 30, 1482, 2720, 988, 27, 1797, 3438, 97, 347, 727, 637, 2556, 1178, 2934, 1675, 1452, 1513, 144, 230]
Dumping train data => ./u20c10-mtl-alpha0.05-ratio0.5/train/train.pt
28 samples in total
c=2,n=19| c=4,n=3| c=5,n=5| c=6,n=1| 
4 Labels/ 28 Number of training samples for user [0]:
30 samples in total
c=8,n=26| c=9,n=4| 
2 Labels/ 30 Number of training samples for user [1]:
1482 samples in total
c=0,n=4| c=2,n=146| c=5,n=817| c=6,n=69| c=8,n=36| c=9,n=410| 
6 Labels/ 1482 Number of training samples for user [2]:
2720 samples in total
c=0,n=2| c=1,n=2395| c=3,n=15| c=9,n=308| 
4 Labels/ 2720 Number of training samples for user [3]:
988 samples in total
c=8,n=341| c=9,n=647| 
2 Labels/ 988 Number of training samples for user [4]:
27 samples in total
c=0,n=12| c=4,n=13| c=5,n=1| c=8,n=1| 
4 Labels/ 27 Number of training samples for user [5]:
1797 samples in total
c=0,n=1| c=2,n=1| c=3,n=1| c=4,n=923| c=5,n=47| c=7,n=25| c=8,n=799| 
7 Labels/ 1797 Number of training samples for user [6]:
3438 samples in total
c=3,n=2357| c=8,n=1081| 
2 Labels/ 3438 Number of training samples for user [7]:
97 samples in total
c=1,n=3| c=4,n=92| c=7,n=2| 
3 Labels/ 97 Number of training samples for user [8]:
347 samples in total
c=2,n=9| c=5,n=12| c=7,n=1| c=9,n=325| 
4 Labels/ 347 Number of training samples for user [9]:
727 samples in total
c=5,n=457| c=7,n=65| c=9,n=205| 
3 Labels/ 727 Number of training samples for user [10]:
637 samples in total
c=3,n=6| c=6,n=619| c=8,n=12| 
3 Labels/ 637 Number of training samples for user [11]:
2556 samples in total
c=4,n=24| c=5,n=323| c=7,n=2202| c=8,n=7| 
4 Labels/ 2556 Number of training samples for user [12]:
1178 samples in total
c=2,n=690| c=8,n=17| c=9,n=471| 
3 Labels/ 1178 Number of training samples for user [13]:
2934 samples in total
c=0,n=3| c=1,n=1| c=4,n=1168| c=6,n=1710| c=8,n=28| c=9,n=24| 
6 Labels/ 2934 Number of training samples for user [14]:
1675 samples in total
c=0,n=1664| c=8,n=10| c=9,n=1| 
3 Labels/ 1675 Number of training samples for user [15]:
1452 samples in total
c=0,n=660| c=4,n=32| c=5,n=723| c=7,n=37| 
4 Labels/ 1452 Number of training samples for user [16]:
1513 samples in total
c=2,n=1447| c=7,n=62| c=9,n=4| 
3 Labels/ 1513 Number of training samples for user [17]:
144 samples in total
c=2,n=87| c=3,n=1| c=4,n=1| c=5,n=14| c=8,n=41| 
5 Labels/ 144 Number of training samples for user [18]:
230 samples in total
c=0,n=54| c=1,n=1| c=2,n=1| c=3,n=20| c=4,n=144| c=5,n=1| c=6,n=1| c=7,n=6| c=8,n=1| c=9,n=1| 
10 Labels/ 230 Number of training samples for user [19]:
TEST #sample by user: [160, 80, 240, 160, 80, 160, 280, 80, 120, 160, 120, 120, 160, 120, 240, 120, 160, 120, 200, 400]
Dumping train data => ./u20c10-mtl-alpha0.05-ratio0.5/test/test.pt
Finish Generating User samples
