
Number of users: 20
Number of classes: 10
Min # of samples per uesr: 10
Alpha for Dirichlet Distribution: 0.1
Ratio for Sampling Training Data: 0.5
Reading source dataset.
Files already downloaded and verified
Loading data from storage ...
Rearrange data by class...
TRAIN SET:
  Total #samples: 50000. sample shape: torch.Size([3, 32, 32])
  #samples per class:
 [5000, 5000, 5000, 5000, 5000, 5000, 5000, 5000, 5000, 5000]
Files already downloaded and verified
Loading data from storage ...
Rearrange data by class...
TEST SET:
  Total #samples: 10000. sample shape: torch.Size([3, 32, 32])
  #samples per class:
 [1000, 1000, 1000, 1000, 1000, 1000, 1000, 1000, 1000, 1000]
10 labels in total.
Try to find valid data separation
7 5000 1250
3 5000 1250
2 5000 1250
8 5000 1250
5 5000 1250
6 5000 1250
9 5000 1250
4 5000 1250
0 5000 1250
1 5000 1250
Try to find valid data separation
7 5000 1250
3 5000 1250
2 5000 1250
8 5000 1250
5 5000 1250
6 5000 1250
9 5000 1250
4 5000 1250
0 5000 1250
1 5000 1250
processing users...
TRAIN #sample by user: [433, 177, 239, 1171, 102, 1318, 453, 137, 100, 1081, 444, 1500, 1011, 945, 919, 79, 884, 1036, 403, 68]
Dumping train data => ./u20c10-mtl-alpha0.1-ratio0.5/train/train.pt
433 samples in total
c=0,n=1| c=1,n=159| c=3,n=9| c=5,n=4| c=8,n=208| c=9,n=52| 
6 Labels/ 433 Number of training samples for user [0]:
177 samples in total
c=4,n=10| c=9,n=167| 
2 Labels/ 177 Number of training samples for user [1]:
239 samples in total
c=1,n=1| c=2,n=134| c=6,n=16| c=8,n=4| c=9,n=84| 
5 Labels/ 239 Number of training samples for user [2]:
1171 samples in total
c=2,n=3| c=3,n=341| c=5,n=395| c=7,n=430| c=8,n=1| c=9,n=1| 
6 Labels/ 1171 Number of training samples for user [3]:
102 samples in total
c=5,n=3| c=6,n=2| c=7,n=96| c=8,n=1| 
4 Labels/ 102 Number of training samples for user [4]:
1318 samples in total
c=4,n=527| c=6,n=767| c=9,n=24| 
3 Labels/ 1318 Number of training samples for user [5]:
453 samples in total
c=0,n=433| c=4,n=3| c=5,n=16| c=6,n=1| 
4 Labels/ 453 Number of training samples for user [6]:
137 samples in total
c=0,n=13| c=2,n=89| c=8,n=34| c=9,n=1| 
4 Labels/ 137 Number of training samples for user [7]:
100 samples in total
c=1,n=1| c=3,n=18| c=8,n=81| 
3 Labels/ 100 Number of training samples for user [8]:
1081 samples in total
c=1,n=516| c=3,n=406| c=4,n=131| c=5,n=1| c=6,n=1| c=7,n=12| c=8,n=14| 
7 Labels/ 1081 Number of training samples for user [9]:
444 samples in total
c=0,n=4| c=1,n=347| c=5,n=93| 
3 Labels/ 444 Number of training samples for user [10]:
1500 samples in total
c=2,n=3| c=3,n=164| c=5,n=25| c=6,n=2| c=7,n=116| c=8,n=642| c=9,n=548| 
7 Labels/ 1500 Number of training samples for user [11]:
1011 samples in total
c=4,n=561| c=6,n=441| c=7,n=8| c=9,n=1| 
4 Labels/ 1011 Number of training samples for user [12]:
945 samples in total
c=0,n=5| c=1,n=194| c=2,n=390| c=3,n=3| c=5,n=35| c=7,n=307| c=8,n=1| c=9,n=10| 
8 Labels/ 945 Number of training samples for user [13]:
919 samples in total
c=1,n=12| c=2,n=598| c=4,n=7| c=5,n=1| c=6,n=4| c=7,n=18| c=8,n=246| c=9,n=33| 
8 Labels/ 919 Number of training samples for user [14]:
79 samples in total
c=2,n=2| c=3,n=57| c=7,n=1| c=8,n=15| c=9,n=4| 
5 Labels/ 79 Number of training samples for user [15]:
884 samples in total
c=2,n=25| c=4,n=2| c=5,n=676| c=9,n=181| 
4 Labels/ 884 Number of training samples for user [16]:
1036 samples in total
c=0,n=769| c=1,n=1| c=2,n=2| c=6,n=1| c=7,n=261| c=9,n=2| 
6 Labels/ 1036 Number of training samples for user [17]:
403 samples in total
c=0,n=24| c=2,n=3| c=3,n=251| c=8,n=2| c=9,n=123| 
5 Labels/ 403 Number of training samples for user [18]:
68 samples in total
c=0,n=1| c=1,n=19| c=2,n=1| c=3,n=1| c=4,n=9| c=5,n=1| c=6,n=15| c=7,n=1| c=8,n=1| c=9,n=19| 
10 Labels/ 68 Number of training samples for user [19]:
TEST #sample by user: [300, 100, 250, 300, 200, 150, 200, 200, 150, 350, 150, 350, 200, 400, 400, 250, 200, 300, 250, 500]
Dumping train data => ./u20c10-mtl-alpha0.1-ratio0.5/test/test.pt
Finish Generating User samples
