2022-01-23 23:02:12:INFO:-------------Round number: 0-------------
2022-01-23 23:02:12:INFO:-------------Sending models-------------
2022-01-23 23:02:13:INFO:-------------Evaluating models-------------
2022-01-23 23:02:13:INFO:Average Global Accuracy and Loss for Each Task:
2022-01-23 23:02:13:INFO:Accuracy = [0.9210526315789473, 0.9342105263157895, 0.868421052631579, 0.9210526315789473, 0.868421052631579, 0.09210526315789473, 0.09210526315789473, 0.13157894736842105, 0.10526315789473684, 0.9078947368421053]
2022-01-23 23:02:13:INFO:Loss = [0.6584171527310422, 0.6506733102233786, 0.6681595421151111, 0.6560279123092952, 0.6631301421868173, 0.7399470751222811, 0.7426060289144516, 0.7387688073672747, 0.7421571769212422, 0.6683427832628551]
2022-01-23 23:02:13:INFO:-------------Training local models-------------
2022-01-23 23:05:40:INFO:-------------Aggregating local models-------------
2022-01-23 23:05:42:INFO:-------------Round number: 1-------------
2022-01-23 23:05:42:INFO:-------------Sending models-------------
2022-01-23 23:05:42:INFO:-------------Evaluating models-------------
2022-01-23 23:05:43:INFO:Average Global Accuracy and Loss for Each Task:
2022-01-23 23:05:43:INFO:Accuracy = [0.8983552631578947, 0.8924342105263158, 0.8078947368421052, 0.84375, 0.8230263157894737, 0.7786184210526316, 0.7667763157894737, 0.6980263157894737, 0.8381578947368421, 0.7407894736842106]
2022-01-23 23:05:43:INFO:Loss = [0.39433160201817946, 0.4890526525406657, 0.5274673327558527, 0.4487115275727487, 0.4976057353748107, 0.5043328367663842, 0.5029168851477536, 0.609948168533217, 0.47710923072391825, 0.5271328522970802]
2022-01-23 23:05:43:INFO:-------------Training local models-------------
2022-01-23 23:09:10:INFO:-------------Aggregating local models-------------
2022-01-23 23:09:13:INFO:-------------Round number: 2-------------
2022-01-23 23:09:13:INFO:-------------Sending models-------------
2022-01-23 23:09:13:INFO:-------------Evaluating models-------------
2022-01-23 23:09:13:INFO:Average Global Accuracy and Loss for Each Task:
2022-01-23 23:09:13:INFO:Accuracy = [0.8927631578947368, 0.9157894736842105, 0.8536184210526315, 0.8539473684210527, 0.8263157894736842, 0.8519736842105263, 0.8026315789473685, 0.7703947368421052, 0.88125, 0.7993421052631579]
2022-01-23 23:09:13:INFO:Loss = [0.3662459201969844, 0.44295018630739497, 0.48528915763783614, 0.3971039704843669, 0.4707023691030611, 0.4526610771825194, 0.45148872778947025, 0.5964792612817531, 0.4146014131777185, 0.4639794735581075]
2022-01-23 23:09:13:INFO:-------------Training local models-------------
2022-01-23 23:12:41:INFO:-------------Aggregating local models-------------
2022-01-23 23:12:43:INFO:-------------Round number: 3-------------
2022-01-23 23:12:43:INFO:-------------Sending models-------------
2022-01-23 23:12:43:INFO:-------------Evaluating models-------------
2022-01-23 23:12:43:INFO:Average Global Accuracy and Loss for Each Task:
2022-01-23 23:12:43:INFO:Accuracy = [0.8710526315789474, 0.9276315789473685, 0.8648026315789473, 0.8621710526315789, 0.8289473684210527, 0.8736842105263158, 0.8217105263157894, 0.8148026315789474, 0.8957236842105263, 0.8450657894736842]
2022-01-23 23:12:43:INFO:Loss = [0.36419308030254843, 0.4133581383993212, 0.4668048291258808, 0.3627597177493092, 0.45092475592881737, 0.4242728249825488, 0.4223701067415899, 0.5873761571833471, 0.37976153916066613, 0.43395952493761125]
2022-01-23 23:12:43:INFO:-------------Training local models-------------
2022-01-23 23:16:11:INFO:-------------Aggregating local models-------------
2022-01-23 23:16:13:INFO:-------------Round number: 4-------------
2022-01-23 23:16:13:INFO:-------------Sending models-------------
2022-01-23 23:16:13:INFO:-------------Evaluating models-------------
2022-01-23 23:16:14:INFO:Average Global Accuracy and Loss for Each Task:
2022-01-23 23:16:14:INFO:Accuracy = [0.8641447368421052, 0.9302631578947368, 0.8674342105263158, 0.868421052631579, 0.8404605263157895, 0.8805921052631579, 0.8335526315789473, 0.8467105263157895, 0.8993421052631579, 0.8740131578947369]
2022-01-23 23:16:14:INFO:Loss = [0.3625613132661735, 0.3931799465575942, 0.4626855191109874, 0.34197706224758323, 0.4365008965970973, 0.4089186488862125, 0.4072550645643404, 0.5797186193031896, 0.35811240266163, 0.4165064716944471]
2022-01-23 23:16:14:INFO:-------------Training local models-------------
2022-01-23 23:19:41:INFO:-------------Aggregating local models-------------
2022-01-23 23:19:43:INFO:-------------Round number: 5-------------
2022-01-23 23:19:43:INFO:-------------Sending models-------------
2022-01-23 23:19:44:INFO:-------------Evaluating models-------------
2022-01-23 23:19:44:INFO:Average Global Accuracy and Loss for Each Task:
2022-01-23 23:19:44:INFO:Accuracy = [0.8598684210526316, 0.930921052631579, 0.8690789473684211, 0.8730263157894737, 0.8493421052631579, 0.8868421052631579, 0.8335526315789473, 0.8628289473684211, 0.8986842105263158, 0.8868421052631579]
2022-01-23 23:19:44:INFO:Loss = [0.35661596373201493, 0.3778901170023202, 0.4622011619028758, 0.3284658172334802, 0.42498250830134277, 0.3988713445095958, 0.40008481776366306, 0.5726408026561043, 0.34248359453340527, 0.4061622351169047]
2022-01-23 23:19:44:INFO:-------------Training local models-------------
2022-01-23 23:23:08:INFO:-------------Aggregating local models-------------
2022-01-23 23:23:10:INFO:-------------Round number: 6-------------
2022-01-23 23:23:10:INFO:-------------Sending models-------------
2022-01-23 23:23:10:INFO:-------------Evaluating models-------------
2022-01-23 23:23:10:INFO:Average Global Accuracy and Loss for Each Task:
2022-01-23 23:23:10:INFO:Accuracy = [0.8608552631578947, 0.9305921052631579, 0.8703947368421052, 0.8756578947368421, 0.8588815789473684, 0.8901315789473684, 0.8305921052631579, 0.8694078947368421, 0.9006578947368421, 0.89375]
2022-01-23 23:23:10:INFO:Loss = [0.348090773839718, 0.3653609167691014, 0.46186668189674446, 0.318898213521798, 0.41497486059425254, 0.39122954859033743, 0.3960919961376165, 0.5660265797801243, 0.3298535268887032, 0.3998246516689266]
2022-01-23 23:23:10:INFO:-------------Training local models-------------
2022-01-23 23:26:34:INFO:-------------Aggregating local models-------------
2022-01-23 23:26:36:INFO:-------------Round number: 7-------------
2022-01-23 23:26:36:INFO:-------------Sending models-------------
2022-01-23 23:26:36:INFO:-------------Evaluating models-------------
2022-01-23 23:26:36:INFO:Average Global Accuracy and Loss for Each Task:
2022-01-23 23:26:36:INFO:Accuracy = [0.8588815789473684, 0.9305921052631579, 0.8703947368421052, 0.8759868421052631, 0.8634868421052632, 0.8898026315789473, 0.8296052631578947, 0.8690789473684211, 0.9023026315789474, 0.9009868421052631]
2022-01-23 23:26:36:INFO:Loss = [0.33895424498309457, 0.3547380854602364, 0.4608407776050674, 0.3115939153174527, 0.40565184769557644, 0.3849498303254797, 0.39337920559735623, 0.5597653705642044, 0.318859184925953, 0.3952690475454897]
2022-01-23 23:26:36:INFO:-------------Training local models-------------
2022-01-23 23:30:00:INFO:-------------Aggregating local models-------------
2022-01-23 23:30:02:INFO:-------------Round number: 8-------------
2022-01-23 23:30:02:INFO:-------------Sending models-------------
2022-01-23 23:30:03:INFO:-------------Evaluating models-------------
2022-01-23 23:30:03:INFO:Average Global Accuracy and Loss for Each Task:
2022-01-23 23:30:03:INFO:Accuracy = [0.8585526315789473, 0.9305921052631579, 0.8710526315789474, 0.8773026315789474, 0.8654605263157895, 0.8888157894736842, 0.8240131578947368, 0.86875, 0.9029605263157895, 0.9072368421052631]
2022-01-23 23:30:03:INFO:Loss = [0.33026037685033915, 0.3454667109096925, 0.4590707815812876, 0.30566069950528846, 0.3966607700215383, 0.37956201749636276, 0.3912611107669746, 0.5539631467836443, 0.3089221524714958, 0.391810819961584]
2022-01-23 23:30:03:INFO:-------------Training local models-------------
2022-01-23 23:33:26:INFO:-------------Aggregating local models-------------
2022-01-23 23:33:29:INFO:-------------Round number: 9-------------
2022-01-23 23:33:29:INFO:-------------Sending models-------------
2022-01-23 23:33:29:INFO:-------------Evaluating models-------------
2022-01-23 23:33:29:INFO:Average Global Accuracy and Loss for Each Task:
2022-01-23 23:33:29:INFO:Accuracy = [0.8601973684210527, 0.9305921052631579, 0.8717105263157895, 0.8776315789473684, 0.8671052631578947, 0.8881578947368421, 0.8220394736842105, 0.8694078947368421, 0.9046052631578947, 0.9111842105263158]
2022-01-23 23:33:29:INFO:Loss = [0.3224246271726626, 0.3372748601123979, 0.4566773151638795, 0.300617955849846, 0.38803906548128, 0.37487440607947065, 0.3896122767305075, 0.5484837723549725, 0.29988394258314083, 0.38917996112784176]
2022-01-23 23:33:29:INFO:-------------Training local models-------------
2022-01-23 23:36:53:INFO:-------------Aggregating local models-------------
2022-01-23 23:36:55:INFO:-------------Round number: 10-------------
2022-01-23 23:36:55:INFO:-------------Sending models-------------
2022-01-23 23:36:56:INFO:-------------Evaluating models-------------
2022-01-23 23:36:56:INFO:Average Global Accuracy and Loss for Each Task:
2022-01-23 23:36:56:INFO:Accuracy = [0.8625, 0.930921052631579, 0.8730263157894737, 0.8776315789473684, 0.8674342105263158, 0.8868421052631579, 0.8220394736842105, 0.8694078947368421, 0.90625, 0.9131578947368421]
2022-01-23 23:36:56:INFO:Loss = [0.3155890375538116, 0.33004883509343735, 0.4538503347962672, 0.29619495350159825, 0.3797989036902436, 0.37075188534110665, 0.38842104605435834, 0.5433327798076023, 0.29165232177221795, 0.3871763299424569]
2022-01-23 23:36:56:INFO:-------------Training local models-------------
2022-01-23 23:40:21:INFO:-------------Aggregating local models-------------
2022-01-23 23:40:23:INFO:-------------Round number: 11-------------
2022-01-23 23:40:23:INFO:-------------Sending models-------------
2022-01-23 23:40:23:INFO:-------------Evaluating models-------------
2022-01-23 23:40:23:INFO:Average Global Accuracy and Loss for Each Task:
2022-01-23 23:40:23:INFO:Accuracy = [0.8631578947368421, 0.9305921052631579, 0.8736842105263158, 0.8779605263157895, 0.8677631578947368, 0.8838815789473684, 0.8207236842105263, 0.8694078947368421, 0.9075657894736842, 0.912828947368421]
2022-01-23 23:40:23:INFO:Loss = [0.30968569606499696, 0.3237970044647227, 0.4507317481766222, 0.29225144971171274, 0.37201240634979177, 0.3670752708793244, 0.3876865528574471, 0.5384235101113231, 0.28426902341896876, 0.3856243918769331]
2022-01-23 23:40:23:INFO:-------------Training local models-------------
2022-01-23 23:43:48:INFO:-------------Aggregating local models-------------
2022-01-23 23:43:50:INFO:-------------Round number: 12-------------
2022-01-23 23:43:50:INFO:-------------Sending models-------------
2022-01-23 23:43:51:INFO:-------------Evaluating models-------------
2022-01-23 23:43:51:INFO:Average Global Accuracy and Loss for Each Task:
2022-01-23 23:43:51:INFO:Accuracy = [0.8638157894736842, 0.9296052631578947, 0.8736842105263158, 0.8786184210526315, 0.8674342105263158, 0.8832236842105263, 0.8207236842105263, 0.8697368421052631, 0.9092105263157895, 0.9125]
2022-01-23 23:43:51:INFO:Loss = [0.3046147298698902, 0.31831475881297494, 0.44750046809694094, 0.28871104608505876, 0.364756088611581, 0.36379769424246133, 0.38747977528883465, 0.5338405698589908, 0.27763596607416585, 0.3842846022054896]
2022-01-23 23:43:51:INFO:-------------Training local models-------------
2022-01-23 23:47:16:INFO:-------------Aggregating local models-------------
2022-01-23 23:47:18:INFO:-------------Round number: 13-------------
2022-01-23 23:47:18:INFO:-------------Sending models-------------
2022-01-23 23:47:18:INFO:-------------Evaluating models-------------
2022-01-23 23:47:18:INFO:Average Global Accuracy and Loss for Each Task:
2022-01-23 23:47:18:INFO:Accuracy = [0.8657894736842106, 0.9289473684210526, 0.8743421052631579, 0.8796052631578948, 0.8671052631578947, 0.8828947368421053, 0.8223684210526315, 0.8697368421052631, 0.9108552631578948, 0.9115131578947369]
2022-01-23 23:47:18:INFO:Loss = [0.3002628604144296, 0.3134911116545769, 0.4442393251792007, 0.2855084222156668, 0.358081152235651, 0.3608771891598927, 0.38771051075922225, 0.5295481170791103, 0.271745343746596, 0.38309841513125176]
2022-01-23 23:47:18:INFO:-------------Training local models-------------
2022-01-23 23:50:41:INFO:-------------Aggregating local models-------------
2022-01-23 23:50:43:INFO:-------------Round number: 14-------------
2022-01-23 23:50:43:INFO:-------------Sending models-------------
2022-01-23 23:50:44:INFO:-------------Evaluating models-------------
2022-01-23 23:50:44:INFO:Average Global Accuracy and Loss for Each Task:
2022-01-23 23:50:44:INFO:Accuracy = [0.8677631578947368, 0.9286184210526316, 0.874671052631579, 0.8796052631578948, 0.8664473684210526, 0.8825657894736842, 0.8230263157894737, 0.8700657894736842, 0.9115131578947369, 0.9115131578947369]
2022-01-23 23:50:44:INFO:Loss = [0.2965776166129217, 0.30919717378128553, 0.4410735364072025, 0.2826101264539542, 0.35194820652548897, 0.3582847636467992, 0.3883148977635612, 0.5254429774803085, 0.2663097617769381, 0.3821592549586632]
2022-01-23 23:50:44:INFO:-------------Training local models-------------
2022-01-23 23:54:06:INFO:-------------Aggregating local models-------------
2022-01-23 23:54:08:INFO:-------------Round number: 15-------------
2022-01-23 23:54:08:INFO:-------------Sending models-------------
2022-01-23 23:54:08:INFO:-------------Evaluating models-------------
2022-01-23 23:54:09:INFO:Average Global Accuracy and Loss for Each Task:
2022-01-23 23:54:09:INFO:Accuracy = [0.8697368421052631, 0.9282894736842106, 0.875, 0.8796052631578948, 0.8677631578947368, 0.8828947368421053, 0.8230263157894737, 0.8703947368421052, 0.9115131578947369, 0.9108552631578948]
2022-01-23 23:54:09:INFO:Loss = [0.2934701433644621, 0.3054434000510618, 0.4379677025200707, 0.27996746867823896, 0.3463444342885755, 0.35604672387432257, 0.38955585355870426, 0.5217899220932802, 0.26137929846184926, 0.38169102586260506]
2022-01-23 23:54:09:INFO:-------------Training local models-------------
2022-01-23 23:57:31:INFO:-------------Aggregating local models-------------
2022-01-23 23:57:33:INFO:-------------Round number: 16-------------
2022-01-23 23:57:33:INFO:-------------Sending models-------------
2022-01-23 23:57:33:INFO:-------------Evaluating models-------------
2022-01-23 23:57:33:INFO:Average Global Accuracy and Loss for Each Task:
2022-01-23 23:57:33:INFO:Accuracy = [0.8720394736842105, 0.9276315789473685, 0.8756578947368421, 0.8796052631578948, 0.868421052631579, 0.8828947368421053, 0.8236842105263158, 0.8700657894736842, 0.9121710526315789, 0.9115131578947369]
2022-01-23 23:57:33:INFO:Loss = [0.2908153207672034, 0.30222328863869496, 0.43497398216392247, 0.2775833505151432, 0.341311359709308, 0.35404488500831865, 0.3911555670316662, 0.5185506969535613, 0.257098635168452, 0.3813827923134484]
2022-01-23 23:57:33:INFO:-------------Training local models-------------
2022-01-24 00:00:55:INFO:-------------Aggregating local models-------------
2022-01-24 00:00:58:INFO:-------------Round number: 17-------------
2022-01-24 00:00:58:INFO:-------------Sending models-------------
2022-01-24 00:00:58:INFO:-------------Evaluating models-------------
2022-01-24 00:00:58:INFO:Average Global Accuracy and Loss for Each Task:
2022-01-24 00:00:58:INFO:Accuracy = [0.8743421052631579, 0.9276315789473685, 0.8766447368421053, 0.8796052631578948, 0.86875, 0.8828947368421053, 0.8223684210526315, 0.8690789473684211, 0.9118421052631579, 0.9085526315789474]
2022-01-24 00:00:58:INFO:Loss = [0.2885170321877874, 0.2993613851749136, 0.4320907985759397, 0.2754389637115022, 0.3367274068830164, 0.35225912728626435, 0.3929755297415939, 0.5156200536730466, 0.25330998125374254, 0.3811973993448957]
2022-01-24 00:00:58:INFO:-------------Training local models-------------
2022-01-24 00:04:20:INFO:-------------Aggregating local models-------------
2022-01-24 00:04:22:INFO:-------------Round number: 18-------------
2022-01-24 00:04:22:INFO:-------------Sending models-------------
2022-01-24 00:04:22:INFO:-------------Evaluating models-------------
2022-01-24 00:04:23:INFO:Average Global Accuracy and Loss for Each Task:
2022-01-24 00:04:23:INFO:Accuracy = [0.8759868421052631, 0.9263157894736842, 0.8779605263157895, 0.8799342105263158, 0.86875, 0.8828947368421053, 0.8223684210526315, 0.8697368421052631, 0.9121710526315789, 0.9075657894736842]
2022-01-24 00:04:23:INFO:Loss = [0.2865235838865996, 0.2968291642968037, 0.4293777117468141, 0.27351589875673343, 0.3325543917239166, 0.35069583975238955, 0.39492032425646595, 0.5129974856750587, 0.2499096192684527, 0.3811777130061895]
2022-01-24 00:04:23:INFO:-------------Training local models-------------
2022-01-24 00:07:43:INFO:-------------Aggregating local models-------------
2022-01-24 00:07:45:INFO:-------------Round number: 19-------------
2022-01-24 00:07:45:INFO:-------------Sending models-------------
2022-01-24 00:07:45:INFO:-------------Evaluating models-------------
2022-01-24 00:07:46:INFO:Average Global Accuracy and Loss for Each Task:
2022-01-24 00:07:46:INFO:Accuracy = [0.8782894736842105, 0.925, 0.8792763157894737, 0.8802631578947369, 0.8694078947368421, 0.8828947368421053, 0.8233552631578948, 0.8697368421052631, 0.912828947368421, 0.905921052631579]
2022-01-24 00:07:46:INFO:Loss = [0.28478667265249225, 0.29455020153679806, 0.42685717480976326, 0.27179542379541854, 0.3287296964255419, 0.34930462279589847, 0.39702474104935964, 0.5107343620230064, 0.24685660590598432, 0.3814183680553565]
2022-01-24 00:07:46:INFO:-------------Training local models-------------
2022-01-24 00:11:06:INFO:-------------Aggregating local models-------------
2022-01-24 00:11:08:INFO:-------------Round number: 20-------------
2022-01-24 00:11:08:INFO:-------------Sending models-------------
2022-01-24 00:11:08:INFO:-------------Evaluating models-------------
2022-01-24 00:11:09:INFO:Average Global Accuracy and Loss for Each Task:
2022-01-24 00:11:09:INFO:Accuracy = [0.8789473684210526, 0.925, 0.8802631578947369, 0.8819078947368421, 0.8694078947368421, 0.8832236842105263, 0.8226973684210527, 0.8700657894736842, 0.912828947368421, 0.9055921052631579]
2022-01-24 00:11:09:INFO:Loss = [0.28329980566980484, 0.2924486654358732, 0.4245334605927239, 0.2702673266304421, 0.3252130912844318, 0.34803856811987843, 0.3992183258746273, 0.5087840635808932, 0.24404900969985696, 0.3817466326888136]
2022-01-24 00:11:09:INFO:-------------Training local models-------------
2022-01-24 00:14:29:INFO:-------------Aggregating local models-------------
2022-01-24 00:14:31:INFO:-------------Round number: 21-------------
2022-01-24 00:14:31:INFO:-------------Sending models-------------
2022-01-24 00:14:32:INFO:-------------Evaluating models-------------
2022-01-24 00:14:32:INFO:Average Global Accuracy and Loss for Each Task:
2022-01-24 00:14:32:INFO:Accuracy = [0.881578947368421, 0.925, 0.8825657894736842, 0.8838815789473684, 0.8700657894736842, 0.8835526315789474, 0.8230263157894737, 0.8700657894736842, 0.9138157894736842, 0.9055921052631579]
2022-01-24 00:14:32:INFO:Loss = [0.2819860668890837, 0.2905628205653078, 0.4223844469559385, 0.26892020911385006, 0.32194787202828784, 0.34686100037728657, 0.4015113890449069, 0.507093227601696, 0.2414587817285409, 0.38220642511518427]
2022-01-24 00:14:32:INFO:-------------Training local models-------------
2022-01-24 00:17:52:INFO:-------------Aggregating local models-------------
2022-01-24 00:17:55:INFO:-------------Round number: 22-------------
2022-01-24 00:17:55:INFO:-------------Sending models-------------
2022-01-24 00:17:55:INFO:-------------Evaluating models-------------
2022-01-24 00:17:55:INFO:Average Global Accuracy and Loss for Each Task:
2022-01-24 00:17:55:INFO:Accuracy = [0.8832236842105263, 0.9246710526315789, 0.8845394736842105, 0.8861842105263158, 0.8720394736842105, 0.8838815789473684, 0.8233552631578948, 0.8700657894736842, 0.9148026315789474, 0.9049342105263158]
2022-01-24 00:17:55:INFO:Loss = [0.28086900640616813, 0.2889254373754068, 0.4203282968779891, 0.26772508085961916, 0.31899553541849235, 0.3457550169550814, 0.40379746409177497, 0.5056193544484191, 0.23909363945839637, 0.38267624578484655]
2022-01-24 00:17:55:INFO:-------------Training local models-------------
2022-01-24 00:21:15:INFO:-------------Aggregating local models-------------
2022-01-24 00:21:17:INFO:-------------Round number: 23-------------
2022-01-24 00:21:17:INFO:-------------Sending models-------------
2022-01-24 00:21:18:INFO:-------------Evaluating models-------------
2022-01-24 00:21:18:INFO:Average Global Accuracy and Loss for Each Task:
2022-01-24 00:21:18:INFO:Accuracy = [0.8845394736842105, 0.925, 0.8855263157894737, 0.8878289473684211, 0.8717105263157895, 0.8838815789473684, 0.8230263157894737, 0.8697368421052631, 0.9157894736842105, 0.9036184210526316]
2022-01-24 00:21:18:INFO:Loss = [0.2797848316550747, 0.28756097493705485, 0.4183956825763744, 0.26667780501348287, 0.31616650623944126, 0.34472740735758345, 0.4060774340836552, 0.504321082160076, 0.236996360234786, 0.38324852594546666]
2022-01-24 00:21:18:INFO:-------------Training local models-------------
2022-01-24 00:24:38:INFO:-------------Aggregating local models-------------
2022-01-24 00:24:40:INFO:-------------Round number: 24-------------
2022-01-24 00:24:40:INFO:-------------Sending models-------------
2022-01-24 00:24:40:INFO:-------------Evaluating models-------------
2022-01-24 00:24:41:INFO:Average Global Accuracy and Loss for Each Task:
2022-01-24 00:24:41:INFO:Accuracy = [0.8845394736842105, 0.925, 0.8865131578947368, 0.8894736842105263, 0.8713815789473685, 0.8842105263157894, 0.8230263157894737, 0.8697368421052631, 0.9177631578947368, 0.9039473684210526]
2022-01-24 00:24:41:INFO:Loss = [0.27881983638058283, 0.28637103063029873, 0.4165979207663392, 0.265724923342101, 0.3135639398870377, 0.3438107974348225, 0.4083436305993114, 0.5032415228959412, 0.23503356294206337, 0.38387299616672527]
2022-01-24 00:24:41:INFO:-------------Training local models-------------
2022-01-24 00:28:01:INFO:-------------Aggregating local models-------------
2022-01-24 00:28:03:INFO:-------------Round number: 25-------------
2022-01-24 00:28:03:INFO:-------------Sending models-------------
2022-01-24 00:28:03:INFO:-------------Evaluating models-------------
2022-01-24 00:28:03:INFO:Average Global Accuracy and Loss for Each Task:
2022-01-24 00:28:03:INFO:Accuracy = [0.8851973684210527, 0.9256578947368421, 0.8875, 0.8924342105263158, 0.8713815789473685, 0.8861842105263158, 0.8230263157894737, 0.8694078947368421, 0.9197368421052632, 0.9046052631578947]
2022-01-24 00:28:03:INFO:Loss = [0.27794442633287536, 0.2853187723766927, 0.41494092167991575, 0.26485731670091855, 0.3110414341108959, 0.34291258193824387, 0.4106872139960423, 0.5023053822254664, 0.2331944689523018, 0.38472309808773725]
2022-01-24 00:28:03:INFO:-------------Training local models-------------
2022-01-24 00:31:24:INFO:-------------Aggregating local models-------------
2022-01-24 00:31:26:INFO:-------------Round number: 26-------------
2022-01-24 00:31:26:INFO:-------------Sending models-------------
2022-01-24 00:31:26:INFO:-------------Evaluating models-------------
2022-01-24 00:31:26:INFO:Average Global Accuracy and Loss for Each Task:
2022-01-24 00:31:26:INFO:Accuracy = [0.8855263157894737, 0.9263157894736842, 0.8888157894736842, 0.8940789473684211, 0.8717105263157895, 0.8865131578947368, 0.8223684210526315, 0.8694078947368421, 0.9200657894736842, 0.9055921052631579]
2022-01-24 00:31:26:INFO:Loss = [0.2771481881392997, 0.2844880840591366, 0.41339925493689644, 0.26405545571766487, 0.30866134464457373, 0.34216586454548586, 0.4129381205673685, 0.5015236997814531, 0.23153962974098058, 0.38555048188955926]
2022-01-24 00:31:26:INFO:-------------Training local models-------------
2022-01-24 00:34:47:INFO:-------------Aggregating local models-------------
2022-01-24 00:34:49:INFO:-------------Round number: 27-------------
2022-01-24 00:34:49:INFO:-------------Sending models-------------
2022-01-24 00:34:49:INFO:-------------Evaluating models-------------
2022-01-24 00:34:49:INFO:Average Global Accuracy and Loss for Each Task:
2022-01-24 00:34:49:INFO:Accuracy = [0.8861842105263158, 0.9269736842105263, 0.8904605263157894, 0.8960526315789473, 0.8717105263157895, 0.8868421052631579, 0.8220394736842105, 0.8694078947368421, 0.9210526315789473, 0.9055921052631579]
2022-01-24 00:34:49:INFO:Loss = [0.2764362384498925, 0.2837824822074349, 0.411975116633058, 0.2632882641794966, 0.30640830721581314, 0.34152464728437115, 0.41509262956357196, 0.5008584627805823, 0.22999162532314107, 0.38635913387483206]
2022-01-24 00:34:49:INFO:-------------Training local models-------------
2022-01-24 00:38:10:INFO:-------------Aggregating local models-------------
2022-01-24 00:38:12:INFO:-------------Round number: 28-------------
2022-01-24 00:38:12:INFO:-------------Sending models-------------
2022-01-24 00:38:12:INFO:-------------Evaluating models-------------
2022-01-24 00:38:12:INFO:Average Global Accuracy and Loss for Each Task:
2022-01-24 00:38:12:INFO:Accuracy = [0.8875, 0.9269736842105263, 0.8914473684210527, 0.8970394736842106, 0.8713815789473685, 0.8878289473684211, 0.8223684210526315, 0.8694078947368421, 0.9203947368421053, 0.906578947368421]
2022-01-24 00:38:12:INFO:Loss = [0.27577088083221735, 0.283172024292071, 0.4106769595518448, 0.2626155086591576, 0.30422586135452884, 0.34088022824251213, 0.41721017063690324, 0.5002611341727683, 0.22856657399250635, 0.3872846292100516]
2022-01-24 00:38:12:INFO:-------------Training local models-------------
2022-01-24 00:41:32:INFO:-------------Aggregating local models-------------
2022-01-24 00:41:34:INFO:-------------Round number: 29-------------
2022-01-24 00:41:34:INFO:-------------Sending models-------------
2022-01-24 00:41:35:INFO:-------------Evaluating models-------------
2022-01-24 00:41:35:INFO:Average Global Accuracy and Loss for Each Task:
2022-01-24 00:41:35:INFO:Accuracy = [0.8891447368421053, 0.9266447368421052, 0.8914473684210527, 0.8973684210526316, 0.8710526315789474, 0.8881578947368421, 0.8217105263157894, 0.8694078947368421, 0.9210526315789473, 0.9069078947368421]
2022-01-24 00:41:35:INFO:Loss = [0.2751952991004241, 0.2827672043210776, 0.40946023688804034, 0.261928045627141, 0.3021200986648565, 0.34025774633099853, 0.41928261961775687, 0.49972507009040684, 0.22725031785567376, 0.38827954117770885]
2022-01-24 00:41:35:INFO:-------------Training local models-------------
2022-01-24 00:43:34:INFO:-------------Aggregating local models-------------
2022-01-24 00:43:35:INFO:-------------Round number: 30-------------
2022-01-24 00:43:35:INFO:-------------Sending models-------------
2022-01-24 00:43:35:INFO:-------------Evaluating models-------------
2022-01-24 00:43:35:INFO:Average Global Accuracy and Loss for Each Task:
2022-01-24 00:43:35:INFO:Accuracy = [0.8891447368421053, 0.9266447368421052, 0.8924342105263158, 0.8983552631578947, 0.8710526315789474, 0.8884868421052632, 0.8210526315789474, 0.8694078947368421, 0.9203947368421053, 0.90625]
2022-01-24 00:43:35:INFO:Loss = [0.2746454321301204, 0.2824900596732684, 0.40834441820085265, 0.2612711494256425, 0.30004750506094224, 0.3396570930418468, 0.42126625103609466, 0.4992363309785632, 0.22606054819851507, 0.3892898251559879]
2022-01-24 00:43:35:INFO:-------------Training local models-------------
2022-01-24 00:45:29:INFO:-------------Aggregating local models-------------
2022-01-24 00:45:30:INFO:-------------Round number: 31-------------
2022-01-24 00:45:30:INFO:-------------Sending models-------------
2022-01-24 00:45:30:INFO:-------------Evaluating models-------------
2022-01-24 00:45:31:INFO:Average Global Accuracy and Loss for Each Task:
2022-01-24 00:45:31:INFO:Accuracy = [0.8904605263157894, 0.9263157894736842, 0.8924342105263158, 0.9003289473684211, 0.8710526315789474, 0.8894736842105263, 0.8213815789473684, 0.8703947368421052, 0.9203947368421053, 0.90625]
2022-01-24 00:45:31:INFO:Loss = [0.2741555215131819, 0.2822571525109532, 0.407301071298494, 0.2606247693414556, 0.2980697558506156, 0.3390899549954874, 0.42314155374754736, 0.49879695053478873, 0.22494218440193722, 0.3902333341642301]
2022-01-24 00:45:31:INFO:-------------Training local models-------------
2022-01-24 00:47:24:INFO:-------------Aggregating local models-------------
2022-01-24 00:47:25:INFO:-------------Round number: 32-------------
2022-01-24 00:47:25:INFO:-------------Sending models-------------
2022-01-24 00:47:25:INFO:-------------Evaluating models-------------
2022-01-24 00:47:25:INFO:Average Global Accuracy and Loss for Each Task:
2022-01-24 00:47:25:INFO:Accuracy = [0.8914473684210527, 0.9266447368421052, 0.8930921052631579, 0.9013157894736842, 0.8723684210526316, 0.8907894736842106, 0.8207236842105263, 0.8703947368421052, 0.9203947368421053, 0.905921052631579]
2022-01-24 00:47:25:INFO:Loss = [0.2737497443871881, 0.2821268812479646, 0.406355532455085, 0.25998565270559704, 0.29616343238548754, 0.3385284712695514, 0.4249466992428336, 0.4983987821060031, 0.2238899730440799, 0.3912540896222038]
2022-01-24 00:47:25:INFO:-------------Training local models-------------
2022-01-24 00:49:19:INFO:-------------Aggregating local models-------------
2022-01-24 00:49:20:INFO:-------------Round number: 33-------------
2022-01-24 00:49:20:INFO:-------------Sending models-------------
2022-01-24 00:49:20:INFO:-------------Evaluating models-------------
2022-01-24 00:49:20:INFO:Average Global Accuracy and Loss for Each Task:
2022-01-24 00:49:20:INFO:Accuracy = [0.8940789473684211, 0.9269736842105263, 0.8930921052631579, 0.9029605263157895, 0.8720394736842105, 0.8914473684210527, 0.8210526315789474, 0.8707236842105263, 0.9203947368421053, 0.90625]
2022-01-24 00:49:20:INFO:Loss = [0.27334278151293373, 0.2821091523128416, 0.40548379465537054, 0.2593831595704136, 0.2942892151263789, 0.3380138944855724, 0.42668836414400413, 0.49801903566587596, 0.22290965732607124, 0.39233410273683195]
2022-01-24 00:49:20:INFO:-------------Training local models-------------
2022-01-24 00:51:14:INFO:-------------Aggregating local models-------------
2022-01-24 00:51:15:INFO:-------------Round number: 34-------------
2022-01-24 00:51:15:INFO:-------------Sending models-------------
2022-01-24 00:51:15:INFO:-------------Evaluating models-------------
2022-01-24 00:51:15:INFO:Average Global Accuracy and Loss for Each Task:
2022-01-24 00:51:15:INFO:Accuracy = [0.8947368421052632, 0.9266447368421052, 0.8930921052631579, 0.9032894736842105, 0.8720394736842105, 0.8914473684210527, 0.8203947368421053, 0.8707236842105263, 0.9207236842105263, 0.905921052631579]
2022-01-24 00:51:15:INFO:Loss = [0.2730067632542877, 0.28210993349813707, 0.40465869316540193, 0.25879056148895824, 0.29249579412489285, 0.3375241805760628, 0.4282620176328285, 0.4976569967234115, 0.22198002119272897, 0.3932771319806833]
2022-01-24 00:51:15:INFO:-------------Training local models-------------
2022-01-24 00:53:09:INFO:-------------Aggregating local models-------------
2022-01-24 00:53:10:INFO:-------------Round number: 35-------------
2022-01-24 00:53:10:INFO:-------------Sending models-------------
2022-01-24 00:53:10:INFO:-------------Evaluating models-------------
2022-01-24 00:53:10:INFO:Average Global Accuracy and Loss for Each Task:
2022-01-24 00:53:10:INFO:Accuracy = [0.8950657894736842, 0.9256578947368421, 0.8934210526315789, 0.9036184210526316, 0.8726973684210526, 0.8917763157894737, 0.8203947368421053, 0.8703947368421052, 0.9203947368421053, 0.9055921052631579]
2022-01-24 00:53:10:INFO:Loss = [0.27272998378995045, 0.2822204867053714, 0.40388423993978284, 0.2582209247014505, 0.2907069897807416, 0.3370535014982076, 0.42979119202477467, 0.49731017183455006, 0.221120146243074, 0.3942137667533978]
2022-01-24 00:53:10:INFO:-------------Training local models-------------
2022-01-24 00:55:04:INFO:-------------Aggregating local models-------------
2022-01-24 00:55:05:INFO:-------------Round number: 36-------------
2022-01-24 00:55:05:INFO:-------------Sending models-------------
2022-01-24 00:55:05:INFO:-------------Evaluating models-------------
2022-01-24 00:55:05:INFO:Average Global Accuracy and Loss for Each Task:
2022-01-24 00:55:05:INFO:Accuracy = [0.8963815789473685, 0.9256578947368421, 0.89375, 0.9049342105263158, 0.8733552631578947, 0.8917763157894737, 0.8203947368421053, 0.8700657894736842, 0.9203947368421053, 0.9055921052631579]
2022-01-24 00:55:05:INFO:Loss = [0.27245722816922735, 0.28234924701619574, 0.4031360994721533, 0.25764596873303064, 0.28890747654747284, 0.336634149738625, 0.4311654202538193, 0.4969571224428364, 0.22030474105782846, 0.39507268758538167]
2022-01-24 00:55:05:INFO:-------------Training local models-------------
2022-01-24 00:56:59:INFO:-------------Aggregating local models-------------
2022-01-24 00:57:00:INFO:-------------Round number: 37-------------
2022-01-24 00:57:00:INFO:-------------Sending models-------------
2022-01-24 00:57:00:INFO:-------------Evaluating models-------------
2022-01-24 00:57:00:INFO:Average Global Accuracy and Loss for Each Task:
2022-01-24 00:57:00:INFO:Accuracy = [0.8980263157894737, 0.9259868421052632, 0.8944078947368421, 0.9049342105263158, 0.8740131578947369, 0.8921052631578947, 0.8200657894736842, 0.8707236842105263, 0.9200657894736842, 0.9052631578947369]
2022-01-24 00:57:00:INFO:Loss = [0.2722360017756536, 0.28252863912453713, 0.4024225169581003, 0.25706986514294267, 0.2871453803076484, 0.3362433189255458, 0.43244489119598783, 0.4965918143703005, 0.2195440531673069, 0.3959326176853593]
2022-01-24 00:57:00:INFO:-------------Training local models-------------
2022-01-24 00:58:53:INFO:-------------Aggregating local models-------------
2022-01-24 00:58:54:INFO:-------------Round number: 38-------------
2022-01-24 00:58:54:INFO:-------------Sending models-------------
2022-01-24 00:58:54:INFO:-------------Evaluating models-------------
2022-01-24 00:58:54:INFO:Average Global Accuracy and Loss for Each Task:
2022-01-24 00:58:54:INFO:Accuracy = [0.8990131578947368, 0.9263157894736842, 0.8953947368421052, 0.906578947368421, 0.875328947368421, 0.8924342105263158, 0.8207236842105263, 0.8707236842105263, 0.9213815789473684, 0.9049342105263158]
2022-01-24 00:58:54:INFO:Loss = [0.27206899984517613, 0.282759657283685, 0.401772019915753, 0.2564648406627576, 0.28548270205331056, 0.3358313017110241, 0.43369061430846495, 0.49621348857966185, 0.21879161132710578, 0.3968438467985068]
2022-01-24 00:58:54:INFO:-------------Training local models-------------
2022-01-24 01:00:48:INFO:-------------Aggregating local models-------------
2022-01-24 01:00:49:INFO:-------------Round number: 39-------------
2022-01-24 01:00:49:INFO:-------------Sending models-------------
2022-01-24 01:00:49:INFO:-------------Evaluating models-------------
2022-01-24 01:00:49:INFO:Average Global Accuracy and Loss for Each Task:
2022-01-24 01:00:49:INFO:Accuracy = [0.899671052631579, 0.9266447368421052, 0.8957236842105263, 0.9082236842105263, 0.8756578947368421, 0.8930921052631579, 0.8207236842105263, 0.8707236842105263, 0.9210526315789473, 0.9049342105263158]
2022-01-24 01:00:49:INFO:Loss = [0.2719862603493024, 0.2830540785619776, 0.4011521849847907, 0.2558606326621023, 0.2839404793895052, 0.33544212643477966, 0.4349393512093229, 0.49587819693624624, 0.2180611097526133, 0.3977948178002599]
2022-01-24 01:00:49:INFO:-------------Training local models-------------
2022-01-24 01:02:43:INFO:-------------Aggregating local models-------------
