2022-01-23 21:34:03:INFO:-------------Round number: 0-------------
2022-01-23 21:34:03:INFO:-------------Sending models-------------
2022-01-23 21:34:03:INFO:-------------Evaluating models-------------
2022-01-23 21:34:03:INFO:Average Global Accuracy and Loss for Each Task:
2022-01-23 21:34:03:INFO:Accuracy = [0.9263895843765648, 0.9158738107160741, 0.8595393089634452, 0.899849774661993, 0.914121181772659, 0.11016524787180772, 0.09414121181772658, 0.12769153730595895, 0.09614421632448673, 0.9123685528292439]
2022-01-23 21:34:03:INFO:Loss = [0.6677707227307913, 0.65035355840257, 0.664374296373884, 0.654283486385016, 0.6628631437994804, 0.7358170935495173, 0.7406060484629245, 0.7388185477579123, 0.7473186791450547, 0.6691222313080779]
2022-01-23 21:34:03:INFO:-------------Training local models-------------
2022-01-23 21:36:15:INFO:-------------Aggregating local models-------------
2022-01-23 21:36:17:INFO:-------------Round number: 1-------------
2022-01-23 21:36:17:INFO:-------------Sending models-------------
2022-01-23 21:36:18:INFO:-------------Evaluating models-------------
2022-01-23 21:36:18:INFO:Average Global Accuracy and Loss for Each Task:
2022-01-23 21:36:18:INFO:Accuracy = [0.8973460190285428, 0.899849774661993, 0.8455182774161242, 0.8602904356534802, 0.8560340510766149, 0.7879318978467702, 0.8189784677015524, 0.8059589384076115, 0.7836755132699048, 0.7336004006009014]
2022-01-23 21:36:18:INFO:Loss = [0.4329123656784497, 0.4795426208829963, 0.5416772623448952, 0.4676381390528734, 0.48702865206246143, 0.5441782892377125, 0.503951674921398, 0.5405214058629829, 0.5510015240369078, 0.6051592503151538]
2022-01-23 21:36:18:INFO:-------------Training local models-------------
2022-01-23 21:38:30:INFO:-------------Aggregating local models-------------
2022-01-23 21:38:32:INFO:-------------Round number: 2-------------
2022-01-23 21:38:32:INFO:-------------Sending models-------------
2022-01-23 21:38:32:INFO:-------------Evaluating models-------------
2022-01-23 21:38:32:INFO:Average Global Accuracy and Loss for Each Task:
2022-01-23 21:38:32:INFO:Accuracy = [0.9031046569854783, 0.8965948923385078, 0.85728592889334, 0.8532799198798198, 0.8565348022033049, 0.8447671507260891, 0.8592889334001002, 0.8457686529794692, 0.8182273410115173, 0.7901852779168753]
2022-01-23 21:38:32:INFO:Loss = [0.33848671111687234, 0.41889287676041015, 0.5002150289512869, 0.39159705614765317, 0.4495082336758218, 0.4715300958023468, 0.4344134362224204, 0.47020969441525257, 0.5171380275683212, 0.491751277674704]
2022-01-23 21:38:32:INFO:-------------Training local models-------------
2022-01-23 21:40:44:INFO:-------------Aggregating local models-------------
2022-01-23 21:40:47:INFO:-------------Round number: 3-------------
2022-01-23 21:40:47:INFO:-------------Sending models-------------
2022-01-23 21:40:47:INFO:-------------Evaluating models-------------
2022-01-23 21:40:47:INFO:Average Global Accuracy and Loss for Each Task:
2022-01-23 21:40:47:INFO:Accuracy = [0.9138708062093139, 0.8950926389584376, 0.8652979469203805, 0.843515272909364, 0.8555332999499249, 0.8582874311467201, 0.8630445668502754, 0.8492739108662994, 0.8259889834752128, 0.8089634451677516]
2022-01-23 21:40:47:INFO:Loss = [0.29364057342765754, 0.3971438593952602, 0.48219633463939904, 0.357484835798819, 0.44350615973525126, 0.43826878990121765, 0.4094619833116695, 0.43238031190717907, 0.49482626160658044, 0.4333371422171936]
2022-01-23 21:40:47:INFO:-------------Training local models-------------
2022-01-23 21:42:59:INFO:-------------Aggregating local models-------------
2022-01-23 21:43:01:INFO:-------------Round number: 4-------------
2022-01-23 21:43:01:INFO:-------------Sending models-------------
2022-01-23 21:43:01:INFO:-------------Evaluating models-------------
2022-01-23 21:43:02:INFO:Average Global Accuracy and Loss for Each Task:
2022-01-23 21:43:02:INFO:Accuracy = [0.9203805708562844, 0.8950926389584376, 0.8678017025538307, 0.8314972458688032, 0.85778668002003, 0.8607911867801703, 0.8640460691036554, 0.8507761642463696, 0.8274912368552829, 0.8204807210816224]
2022-01-23 21:43:02:INFO:Loss = [0.26913753529750817, 0.3843222665497879, 0.47027996821356044, 0.3395353466676689, 0.43776452904658064, 0.41942593259816174, 0.39275651890015006, 0.40643664092967136, 0.47302673557054103, 0.39629572388680134]
2022-01-23 21:43:02:INFO:-------------Training local models-------------
2022-01-23 21:45:13:INFO:-------------Aggregating local models-------------
2022-01-23 21:45:15:INFO:-------------Round number: 5-------------
2022-01-23 21:45:15:INFO:-------------Sending models-------------
2022-01-23 21:45:15:INFO:-------------Evaluating models-------------
2022-01-23 21:45:15:INFO:Average Global Accuracy and Loss for Each Task:
2022-01-23 21:45:15:INFO:Accuracy = [0.9226339509263896, 0.8950926389584376, 0.871306960440661, 0.8262393590385578, 0.8622934401602403, 0.8617926890335503, 0.8650475713570356, 0.8545317976965449, 0.827741612418628, 0.8259889834752128]
2022-01-23 21:45:15:INFO:Loss = [0.2548829231913256, 0.37459268756434655, 0.46144024828942304, 0.3302147516299414, 0.43007724634096545, 0.40836407104670314, 0.3798722767865245, 0.38862191445523436, 0.4556270306457756, 0.3723888223278199]
2022-01-23 21:45:15:INFO:-------------Training local models-------------
2022-01-23 21:47:26:INFO:-------------Aggregating local models-------------
2022-01-23 21:47:28:INFO:-------------Round number: 6-------------
2022-01-23 21:47:28:INFO:-------------Sending models-------------
2022-01-23 21:47:28:INFO:-------------Evaluating models-------------
2022-01-23 21:47:28:INFO:Average Global Accuracy and Loss for Each Task:
2022-01-23 21:47:28:INFO:Accuracy = [0.9236354531797697, 0.8950926389584376, 0.872308462694041, 0.8274912368552829, 0.8660490736104156, 0.8620430645968954, 0.8652979469203805, 0.8645468202303456, 0.827741612418628, 0.8289934902353531]
2022-01-23 21:47:28:INFO:Loss = [0.24564030816877408, 0.3663684816368327, 0.45442072694918767, 0.325030601095841, 0.42163645063396815, 0.40141948592850474, 0.3696557220730755, 0.37607118953182606, 0.4423140734182293, 0.3590884038702336]
2022-01-23 21:47:28:INFO:-------------Training local models-------------
2022-01-23 21:49:38:INFO:-------------Aggregating local models-------------
2022-01-23 21:49:40:INFO:-------------Round number: 7-------------
2022-01-23 21:49:40:INFO:-------------Sending models-------------
2022-01-23 21:49:40:INFO:-------------Evaluating models-------------
2022-01-23 21:49:41:INFO:Average Global Accuracy and Loss for Each Task:
2022-01-23 21:49:41:INFO:Accuracy = [0.9241362043064597, 0.8950926389584376, 0.8758137205808713, 0.827741612418628, 0.8683024536805208, 0.8645468202303456, 0.8652979469203805, 0.872058087130696, 0.827741612418628, 0.8299949924887331]
2022-01-23 21:49:41:INFO:Loss = [0.23889973371650633, 0.35899351419751335, 0.4486566397604431, 0.32170147502293056, 0.4133740695144792, 0.3965161434301531, 0.3614096980686283, 0.36700678318501095, 0.43179807818591975, 0.3533905127713467]
2022-01-23 21:49:41:INFO:-------------Training local models-------------
2022-01-23 21:51:49:INFO:-------------Aggregating local models-------------
2022-01-23 21:51:51:INFO:-------------Round number: 8-------------
2022-01-23 21:51:51:INFO:-------------Sending models-------------
2022-01-23 21:51:51:INFO:-------------Evaluating models-------------
2022-01-23 21:51:52:INFO:Average Global Accuracy and Loss for Each Task:
2022-01-23 21:51:52:INFO:Accuracy = [0.9243865798698047, 0.8950926389584376, 0.8775663495242865, 0.8254882323485228, 0.8688032048072108, 0.8675513269904858, 0.8650475713570356, 0.8758137205808713, 0.8279919879819729, 0.8312468703054582]
2022-01-23 21:51:52:INFO:Loss = [0.233552507447971, 0.3522021657734565, 0.44395313791009144, 0.31931829099910886, 0.40570109404601823, 0.39274560737632996, 0.3545889016995174, 0.36053309926984, 0.4231098902915545, 0.3525659939020958]
2022-01-23 21:51:52:INFO:-------------Training local models-------------
2022-01-23 21:54:00:INFO:-------------Aggregating local models-------------
2022-01-23 21:54:02:INFO:-------------Round number: 9-------------
2022-01-23 21:54:02:INFO:-------------Sending models-------------
2022-01-23 21:54:02:INFO:-------------Evaluating models-------------
2022-01-23 21:54:02:INFO:Average Global Accuracy and Loss for Each Task:
2022-01-23 21:54:02:INFO:Accuracy = [0.9243865798698047, 0.8950926389584376, 0.8800701051577366, 0.8247371056584877, 0.8700550826239359, 0.8700550826239359, 0.8650475713570356, 0.8780671006509765, 0.8279919879819729, 0.8314972458688032]
2022-01-23 21:54:02:INFO:Loss = [0.22909497478218427, 0.34587748353737957, 0.4402336369291448, 0.31746915992874974, 0.3987962230611532, 0.3897784694555436, 0.3487851216926943, 0.3560413027161935, 0.41566185343785106, 0.35467091061929906]
2022-01-23 21:54:02:INFO:-------------Training local models-------------
2022-01-23 21:56:11:INFO:-------------Aggregating local models-------------
2022-01-23 21:56:13:INFO:-------------Round number: 10-------------
2022-01-23 21:56:13:INFO:-------------Sending models-------------
2022-01-23 21:56:13:INFO:-------------Evaluating models-------------
2022-01-23 21:56:13:INFO:Average Global Accuracy and Loss for Each Task:
2022-01-23 21:56:13:INFO:Accuracy = [0.9248873309964948, 0.8953430145217827, 0.8818227341011518, 0.8232348522784176, 0.8700550826239359, 0.872058087130696, 0.8650475713570356, 0.8793189784677016, 0.829744616925388, 0.8322483725588382]
2022-01-23 21:56:13:INFO:Loss = [0.22524654327495477, 0.34004157978959026, 0.43739167810989005, 0.3159875778866578, 0.3926574670499574, 0.38744115749207075, 0.3437435329666955, 0.35304466263042705, 0.40909926139983466, 0.35839513669867284]
2022-01-23 21:56:13:INFO:-------------Training local models-------------
2022-01-23 21:58:22:INFO:-------------Aggregating local models-------------
2022-01-23 21:58:24:INFO:-------------Round number: 11-------------
2022-01-23 21:58:24:INFO:-------------Sending models-------------
2022-01-23 21:58:24:INFO:-------------Evaluating models-------------
2022-01-23 21:58:24:INFO:Average Global Accuracy and Loss for Each Task:
2022-01-23 21:58:24:INFO:Accuracy = [0.9248873309964948, 0.8955933900851277, 0.8820731096644967, 0.8239859789684527, 0.8703054581872809, 0.8725588382573861, 0.8650475713570356, 0.8805708562844267, 0.8347521281922884, 0.8340010015022534]
2022-01-23 21:58:24:INFO:Loss = [0.22187623046409094, 0.3346481019857563, 0.4352511344076464, 0.31470992193444464, 0.38723079336912763, 0.3855879695197165, 0.3392328481135342, 0.35112406211810976, 0.4031825983095527, 0.36292122316215153]
2022-01-23 21:58:24:INFO:-------------Training local models-------------
2022-01-23 22:00:32:INFO:-------------Aggregating local models-------------
2022-01-23 22:00:34:INFO:-------------Round number: 12-------------
2022-01-23 22:00:34:INFO:-------------Sending models-------------
2022-01-23 22:00:35:INFO:-------------Evaluating models-------------
2022-01-23 22:00:35:INFO:Average Global Accuracy and Loss for Each Task:
2022-01-23 22:00:35:INFO:Accuracy = [0.9251377065598397, 0.8965948923385078, 0.8825738607911868, 0.8249874812218327, 0.870555833750626, 0.8733099649474211, 0.8650475713570356, 0.8813219829744617, 0.8370055082623936, 0.8340010015022534]
2022-01-23 22:00:35:INFO:Loss = [0.21885903906608797, 0.32959253388872295, 0.4336121079752583, 0.3135674771744129, 0.3823515869296167, 0.38412599458159113, 0.33505161795937716, 0.34993183100531944, 0.3977488761993172, 0.3677015181899707]
2022-01-23 22:00:35:INFO:-------------Training local models-------------
2022-01-23 22:02:43:INFO:-------------Aggregating local models-------------
2022-01-23 22:02:45:INFO:-------------Round number: 13-------------
2022-01-23 22:02:45:INFO:-------------Sending models-------------
2022-01-23 22:02:45:INFO:-------------Evaluating models-------------
2022-01-23 22:02:46:INFO:Average Global Accuracy and Loss for Each Task:
2022-01-23 22:02:46:INFO:Accuracy = [0.9251377065598397, 0.8975963945918878, 0.8828242363545318, 0.8259889834752128, 0.8708062093139709, 0.8735603405107661, 0.8650475713570356, 0.8823234852278418, 0.8397596394591887, 0.8347521281922884]
2022-01-23 22:02:46:INFO:Loss = [0.21613577641314713, 0.3248660186968224, 0.43233928734177335, 0.31250723561786886, 0.3779787231204284, 0.3829548788393587, 0.3311126709660482, 0.34924509672065157, 0.3926999298926782, 0.3724485910650339]
2022-01-23 22:02:46:INFO:-------------Training local models-------------
2022-01-23 22:04:54:INFO:-------------Aggregating local models-------------
2022-01-23 22:04:56:INFO:-------------Round number: 14-------------
2022-01-23 22:04:56:INFO:-------------Sending models-------------
2022-01-23 22:04:56:INFO:-------------Evaluating models-------------
2022-01-23 22:04:57:INFO:Average Global Accuracy and Loss for Each Task:
2022-01-23 22:04:57:INFO:Accuracy = [0.9251377065598397, 0.8988482724086129, 0.8833249874812218, 0.8279919879819729, 0.8708062093139709, 0.8738107160741112, 0.8650475713570356, 0.8833249874812218, 0.8417626439659489, 0.8357536304456685]
2022-01-23 22:04:57:INFO:Loss = [0.2136183807562067, 0.320426954352192, 0.431327615363237, 0.3114686341297873, 0.37395848237462137, 0.3820175650171865, 0.32732378631985515, 0.34884594750385306, 0.3879912100700497, 0.3769229983663281]
2022-01-23 22:04:57:INFO:-------------Training local models-------------
2022-01-23 22:07:05:INFO:-------------Aggregating local models-------------
2022-01-23 22:07:07:INFO:-------------Round number: 15-------------
2022-01-23 22:07:07:INFO:-------------Sending models-------------
2022-01-23 22:07:07:INFO:-------------Evaluating models-------------
2022-01-23 22:07:07:INFO:Average Global Accuracy and Loss for Each Task:
2022-01-23 22:07:07:INFO:Accuracy = [0.9253880821231848, 0.900350525788683, 0.8838257386079119, 0.8299949924887331, 0.871056584877316, 0.8738107160741112, 0.8650475713570356, 0.8835753630445669, 0.8447671507260891, 0.8365047571357036]
2022-01-23 22:07:07:INFO:Loss = [0.21129499453227313, 0.3162103252606415, 0.4304582563659823, 0.3104318497009584, 0.37033151632688893, 0.3812440182434457, 0.3235859685501902, 0.3486534317041133, 0.38359732325277424, 0.3810854549787292]
2022-01-23 22:07:07:INFO:-------------Training local models-------------
2022-01-23 22:09:16:INFO:-------------Aggregating local models-------------
2022-01-23 22:09:18:INFO:-------------Round number: 16-------------
2022-01-23 22:09:18:INFO:-------------Sending models-------------
2022-01-23 22:09:18:INFO:-------------Evaluating models-------------
2022-01-23 22:09:18:INFO:Average Global Accuracy and Loss for Each Task:
2022-01-23 22:09:18:INFO:Accuracy = [0.9258888332498748, 0.9021031547320981, 0.8835753630445669, 0.8314972458688032, 0.871557336004006, 0.8738107160741112, 0.8650475713570356, 0.8833249874812218, 0.8460190285428142, 0.8342513770655984]
2022-01-23 22:09:18:INFO:Loss = [0.2091233858887762, 0.3122194531176001, 0.429708392270941, 0.3093821947984248, 0.3670325334963336, 0.3805976419186832, 0.31988389524104216, 0.34858384501246936, 0.37948964639389854, 0.38487656579460644]
2022-01-23 22:09:18:INFO:-------------Training local models-------------
2022-01-23 22:11:27:INFO:-------------Aggregating local models-------------
2022-01-23 22:11:29:INFO:-------------Round number: 17-------------
2022-01-23 22:11:29:INFO:-------------Sending models-------------
2022-01-23 22:11:29:INFO:-------------Evaluating models-------------
2022-01-23 22:11:29:INFO:Average Global Accuracy and Loss for Each Task:
2022-01-23 22:11:29:INFO:Accuracy = [0.9258888332498748, 0.9026039058587881, 0.8835753630445669, 0.8337506259389084, 0.872058087130696, 0.8738107160741112, 0.8652979469203805, 0.8838257386079119, 0.8480220330495744, 0.8332498748122183]
2022-01-23 22:11:29:INFO:Loss = [0.20706111515564848, 0.30841052072297226, 0.4290228676233715, 0.30832486620256105, 0.36395218679524605, 0.380058541382128, 0.3161910088868608, 0.34855392054053286, 0.3756542942910451, 0.38823544081951306]
2022-01-23 22:11:29:INFO:-------------Training local models-------------
2022-01-23 22:13:38:INFO:-------------Aggregating local models-------------
2022-01-23 22:13:40:INFO:-------------Round number: 18-------------
2022-01-23 22:13:40:INFO:-------------Sending models-------------
2022-01-23 22:13:40:INFO:-------------Evaluating models-------------
2022-01-23 22:13:40:INFO:Average Global Accuracy and Loss for Each Task:
2022-01-23 22:13:40:INFO:Accuracy = [0.9261392088132199, 0.9036054081121683, 0.8835753630445669, 0.8372558838257386, 0.872308462694041, 0.8738107160741112, 0.8655483224837256, 0.8843264897346019, 0.8487731597396094, 0.8319979969954933]
2022-01-23 22:13:40:INFO:Loss = [0.20511165628562744, 0.3047745427148581, 0.4283982507465244, 0.30725227070989347, 0.361180849475736, 0.3795915942869495, 0.3125132905772519, 0.3485535246174739, 0.3720664826551015, 0.39122545015239185]
2022-01-23 22:13:40:INFO:-------------Training local models-------------
2022-01-23 22:15:48:INFO:-------------Aggregating local models-------------
2022-01-23 22:15:50:INFO:-------------Round number: 19-------------
2022-01-23 22:15:50:INFO:-------------Sending models-------------
2022-01-23 22:15:51:INFO:-------------Evaluating models-------------
2022-01-23 22:15:51:INFO:Average Global Accuracy and Loss for Each Task:
2022-01-23 22:15:51:INFO:Accuracy = [0.9263895843765648, 0.9046069103655483, 0.8838257386079119, 0.842013019529294, 0.8728092138207311, 0.8738107160741112, 0.8657986980470707, 0.8843264897346019, 0.8510265398097145, 0.8319979969954933]
2022-01-23 22:15:51:INFO:Loss = [0.20324121425353278, 0.3013069248358585, 0.42779611801830275, 0.306161813988944, 0.35863191349076623, 0.3791701851508724, 0.30885886790465916, 0.34854071251340313, 0.36872870170963207, 0.39384023962013326]
2022-01-23 22:15:51:INFO:-------------Training local models-------------
2022-01-23 22:17:59:INFO:-------------Aggregating local models-------------
2022-01-23 22:18:01:INFO:-------------Round number: 20-------------
2022-01-23 22:18:01:INFO:-------------Sending models-------------
2022-01-23 22:18:01:INFO:-------------Evaluating models-------------
2022-01-23 22:18:02:INFO:Average Global Accuracy and Loss for Each Task:
2022-01-23 22:18:02:INFO:Accuracy = [0.9266399599399099, 0.9058587881822734, 0.8843264897346019, 0.8432648973460191, 0.8728092138207311, 0.8738107160741112, 0.8662994491737607, 0.885077616424637, 0.8527791687531296, 0.8307461191787682]
2022-01-23 22:18:02:INFO:Loss = [0.20144205919597669, 0.2979819780820374, 0.4271872271974858, 0.30505526281203504, 0.3562978125376198, 0.3787828123131203, 0.3052293470471971, 0.3485009178599871, 0.36562822830058705, 0.3961041207227326]
2022-01-23 22:18:02:INFO:-------------Training local models-------------
2022-01-23 22:20:10:INFO:-------------Aggregating local models-------------
2022-01-23 22:20:12:INFO:-------------Round number: 21-------------
2022-01-23 22:20:12:INFO:-------------Sending models-------------
2022-01-23 22:20:12:INFO:-------------Evaluating models-------------
2022-01-23 22:20:12:INFO:Average Global Accuracy and Loss for Each Task:
2022-01-23 22:20:12:INFO:Accuracy = [0.9266399599399099, 0.9068602904356535, 0.8848272408612919, 0.8465197796695042, 0.8728092138207311, 0.8738107160741112, 0.8670505758637957, 0.885327991987982, 0.8537806710065098, 0.829744616925388]
2022-01-23 22:20:12:INFO:Loss = [0.19970936841880796, 0.29478993451584323, 0.4265770460234122, 0.3039287719557866, 0.3541596349980991, 0.37841790427911315, 0.3016246028584239, 0.34842233336099243, 0.3627555352506208, 0.3980386075845294]
2022-01-23 22:20:12:INFO:-------------Training local models-------------
2022-01-23 22:22:22:INFO:-------------Aggregating local models-------------
2022-01-23 22:22:24:INFO:-------------Round number: 22-------------
2022-01-23 22:22:24:INFO:-------------Sending models-------------
2022-01-23 22:22:24:INFO:-------------Evaluating models-------------
2022-01-23 22:22:25:INFO:Average Global Accuracy and Loss for Each Task:
2022-01-23 22:22:25:INFO:Accuracy = [0.9271407110665999, 0.9073610415623435, 0.885077616424637, 0.8485227841762644, 0.8733099649474211, 0.8738107160741112, 0.8680520781171758, 0.885828743114672, 0.8560340510766149, 0.829744616925388]
2022-01-23 22:22:25:INFO:Loss = [0.19803616540693258, 0.29172823467422704, 0.42595115620442364, 0.30280076814648677, 0.3522060142572816, 0.3780678207548844, 0.2980853236413236, 0.3483079524217481, 0.3600901444838248, 0.39969124759037444]
2022-01-23 22:22:25:INFO:-------------Training local models-------------
2022-01-23 22:24:36:INFO:-------------Aggregating local models-------------
2022-01-23 22:24:38:INFO:-------------Round number: 23-------------
2022-01-23 22:24:38:INFO:-------------Sending models-------------
2022-01-23 22:24:38:INFO:-------------Evaluating models-------------
2022-01-23 22:24:39:INFO:Average Global Accuracy and Loss for Each Task:
2022-01-23 22:24:39:INFO:Accuracy = [0.927391086629945, 0.9078617926890336, 0.885077616424637, 0.8517776664997496, 0.8730595893840761, 0.8738107160741112, 0.8695543314972458, 0.8863294942413621, 0.8580370555833751, 0.8294942413620431]
2022-01-23 22:24:39:INFO:Loss = [0.19642697813429308, 0.2888179657817049, 0.42530815036753805, 0.30168385833278427, 0.3504416875860638, 0.3777265424992186, 0.2946194230267427, 0.34816357290699756, 0.35763947608951296, 0.4010966559761853]
2022-01-23 22:24:39:INFO:-------------Training local models-------------
2022-01-23 22:26:49:INFO:-------------Aggregating local models-------------
2022-01-23 22:26:51:INFO:-------------Round number: 24-------------
2022-01-23 22:26:51:INFO:-------------Sending models-------------
2022-01-23 22:26:52:INFO:-------------Evaluating models-------------
2022-01-23 22:26:52:INFO:Average Global Accuracy and Loss for Each Task:
2022-01-23 22:26:52:INFO:Accuracy = [0.927391086629945, 0.9083625438157236, 0.885077616424637, 0.8545317976965449, 0.8740610916374562, 0.8738107160741112, 0.871807711567351, 0.8868302453680521, 0.8595393089634452, 0.829744616925388]
2022-01-23 22:26:52:INFO:Loss = [0.19487862085367882, 0.2860120788594518, 0.4246461957009415, 0.3005690722255028, 0.34884795737968427, 0.37739293177777217, 0.2912485246821661, 0.3479849483497076, 0.3553811380868539, 0.4022814170034783]
2022-01-23 22:26:52:INFO:-------------Training local models-------------
2022-01-23 22:29:00:INFO:-------------Aggregating local models-------------
2022-01-23 22:29:02:INFO:-------------Round number: 25-------------
2022-01-23 22:29:02:INFO:-------------Sending models-------------
2022-01-23 22:29:02:INFO:-------------Evaluating models-------------
2022-01-23 22:29:03:INFO:Average Global Accuracy and Loss for Each Task:
2022-01-23 22:29:03:INFO:Accuracy = [0.927891837756635, 0.9088632949424136, 0.885327991987982, 0.85628442663996, 0.8748122183274912, 0.8738107160741112, 0.8765648472709063, 0.8878317476214321, 0.8630445668502754, 0.8299949924887331]
2022-01-23 22:29:03:INFO:Loss = [0.1933720929277043, 0.2833040261596374, 0.4239722494692129, 0.29946967211046427, 0.34739073274477755, 0.3770737351548173, 0.2879841169656901, 0.3477580741706128, 0.35330591800622174, 0.40324715287021223]
2022-01-23 22:29:03:INFO:-------------Training local models-------------
2022-01-23 22:31:11:INFO:-------------Aggregating local models-------------
2022-01-23 22:31:13:INFO:-------------Round number: 26-------------
2022-01-23 22:31:13:INFO:-------------Sending models-------------
2022-01-23 22:31:13:INFO:-------------Evaluating models-------------
2022-01-23 22:31:14:INFO:Average Global Accuracy and Loss for Each Task:
2022-01-23 22:31:14:INFO:Accuracy = [0.9281422133199799, 0.9096144216324487, 0.885077616424637, 0.8602904356534802, 0.8753129694541812, 0.8738107160741112, 0.8793189784677016, 0.8885828743114672, 0.8645468202303456, 0.8304957436154231]
2022-01-23 22:31:14:INFO:Loss = [0.19192770855315566, 0.28068258540447066, 0.42328407592967926, 0.29838961347291443, 0.34610355707347973, 0.3767585626637314, 0.2848304953731676, 0.34751108168235456, 0.3513939905446839, 0.4040646673133002]
2022-01-23 22:31:14:INFO:-------------Training local models-------------
2022-01-23 22:33:23:INFO:-------------Aggregating local models-------------
2022-01-23 22:33:25:INFO:-------------Round number: 27-------------
2022-01-23 22:33:25:INFO:-------------Sending models-------------
2022-01-23 22:33:25:INFO:-------------Evaluating models-------------
2022-01-23 22:33:25:INFO:Average Global Accuracy and Loss for Each Task:
2022-01-23 22:33:25:INFO:Accuracy = [0.928392588883325, 0.9103655483224837, 0.885077616424637, 0.8617926890335503, 0.8763144717075614, 0.8748122183274912, 0.8830746119178768, 0.8905858788182274, 0.8655483224837256, 0.8309964947421131]
2022-01-23 22:33:25:INFO:Loss = [0.1905354981828734, 0.2781704659080266, 0.42259454371374516, 0.29733232347796956, 0.3449632515728569, 0.37645185927818, 0.2818348809171711, 0.34724762866861253, 0.3496439103513244, 0.40474639387152933]
2022-01-23 22:33:25:INFO:-------------Training local models-------------
2022-01-23 22:35:34:INFO:-------------Aggregating local models-------------
2022-01-23 22:35:36:INFO:-------------Round number: 28-------------
2022-01-23 22:35:36:INFO:-------------Sending models-------------
2022-01-23 22:35:36:INFO:-------------Evaluating models-------------
2022-01-23 22:35:36:INFO:Average Global Accuracy and Loss for Each Task:
2022-01-23 22:35:36:INFO:Accuracy = [0.928893340010015, 0.9106159238858288, 0.885578367551327, 0.8625438157235854, 0.8768152228342514, 0.8753129694541812, 0.885077616424637, 0.8918377566349525, 0.8670505758637957, 0.8317476214321482]
2022-01-23 22:35:36:INFO:Loss = [0.18917940760396096, 0.2757401448274829, 0.42188706942418897, 0.29630410544722097, 0.34393705589453444, 0.37614358815109905, 0.2789729724862863, 0.34695482844876885, 0.34803115935140055, 0.40529466109218226]
2022-01-23 22:35:36:INFO:-------------Training local models-------------
2022-01-23 22:37:45:INFO:-------------Aggregating local models-------------
2022-01-23 22:37:47:INFO:-------------Round number: 29-------------
2022-01-23 22:37:47:INFO:-------------Sending models-------------
2022-01-23 22:37:47:INFO:-------------Evaluating models-------------
2022-01-23 22:37:48:INFO:Average Global Accuracy and Loss for Each Task:
2022-01-23 22:37:48:INFO:Accuracy = [0.9291437155733601, 0.9106159238858288, 0.885828743114672, 0.8652979469203805, 0.8770655983975963, 0.8750625938908363, 0.8888332498748123, 0.8925888833249875, 0.8678017025538307, 0.8324987481221833]
2022-01-23 22:37:48:INFO:Loss = [0.18786669486109844, 0.2733903571241442, 0.4211777798191616, 0.2953086833149355, 0.3430044904371813, 0.37583116604002176, 0.27625784194497116, 0.34663823512664954, 0.3465345875175655, 0.40572349807516495]
2022-01-23 22:37:48:INFO:-------------Training local models-------------
2022-01-23 22:39:56:INFO:-------------Aggregating local models-------------
2022-01-23 22:39:59:INFO:-------------Round number: 30-------------
2022-01-23 22:39:59:INFO:-------------Sending models-------------
2022-01-23 22:39:59:INFO:-------------Evaluating models-------------
2022-01-23 22:39:59:INFO:Average Global Accuracy and Loss for Each Task:
2022-01-23 22:39:59:INFO:Accuracy = [0.9296444667000501, 0.9113670505758638, 0.8863294942413621, 0.8688032048072108, 0.8768152228342514, 0.8750625938908363, 0.8928392588883325, 0.8930896344516775, 0.8685528292438658, 0.8329994992488733]
2022-01-23 22:39:59:INFO:Loss = [0.18661930893755246, 0.27113288718383105, 0.4204569282193244, 0.2943428171736269, 0.34220535506432376, 0.37550493540989893, 0.2736868142845016, 0.34631208302045385, 0.3451305885257551, 0.40608988109552596]
2022-01-23 22:39:59:INFO:-------------Training local models-------------
2022-01-23 22:42:08:INFO:-------------Aggregating local models-------------
2022-01-23 22:42:10:INFO:-------------Round number: 31-------------
2022-01-23 22:42:10:INFO:-------------Sending models-------------
2022-01-23 22:42:10:INFO:-------------Evaluating models-------------
2022-01-23 22:42:10:INFO:Average Global Accuracy and Loss for Each Task:
2022-01-23 22:42:10:INFO:Accuracy = [0.9306459689534301, 0.9113670505758638, 0.886579869804707, 0.8700550826239359, 0.8775663495242865, 0.8753129694541812, 0.8980971457185779, 0.8938407611417125, 0.8690535803705558, 0.8335002503755633]
2022-01-23 22:42:10:INFO:Loss = [0.1854170779374642, 0.2689629119714388, 0.4197421729040944, 0.2934164350589634, 0.3414688404340328, 0.375175913967333, 0.271261961892574, 0.34596652739508343, 0.34382914764043604, 0.40637313726941765]
2022-01-23 22:42:10:INFO:-------------Training local models-------------
2022-01-23 22:44:19:INFO:-------------Aggregating local models-------------
2022-01-23 22:44:21:INFO:-------------Round number: 32-------------
2022-01-23 22:44:21:INFO:-------------Sending models-------------
2022-01-23 22:44:21:INFO:-------------Evaluating models-------------
2022-01-23 22:44:22:INFO:Average Global Accuracy and Loss for Each Task:
2022-01-23 22:44:22:INFO:Accuracy = [0.9311467200801202, 0.9116174261392088, 0.8873309964947421, 0.871807711567351, 0.8765648472709063, 0.8755633450175263, 0.901352028042063, 0.8945918878317476, 0.8690535803705558, 0.8340010015022534]
2022-01-23 22:44:22:INFO:Loss = [0.18425678270583604, 0.2668566496992029, 0.4190297134476632, 0.2925402130518012, 0.3408063531168699, 0.37484729445714765, 0.2689835809081105, 0.3456130187766571, 0.34260372811699935, 0.406606822531561]
2022-01-23 22:44:22:INFO:-------------Training local models-------------
2022-01-23 22:46:30:INFO:-------------Aggregating local models-------------
2022-01-23 22:46:32:INFO:-------------Round number: 33-------------
2022-01-23 22:46:32:INFO:-------------Sending models-------------
2022-01-23 22:46:33:INFO:-------------Evaluating models-------------
2022-01-23 22:46:33:INFO:Average Global Accuracy and Loss for Each Task:
2022-01-23 22:46:33:INFO:Accuracy = [0.9316474712068102, 0.9118678017025539, 0.8875813720580872, 0.8733099649474211, 0.8763144717075614, 0.8755633450175263, 0.9056084126189284, 0.8948422633950927, 0.8698047070605909, 0.8347521281922884]
2022-01-23 22:46:33:INFO:Loss = [0.1831352656629227, 0.2648088592697329, 0.4183074487921207, 0.29172172591054757, 0.34019681451721867, 0.3745200513690919, 0.2668375693735475, 0.34524880497281546, 0.34145899374172, 0.4067862693239731]
2022-01-23 22:46:33:INFO:-------------Training local models-------------
2022-01-23 22:48:42:INFO:-------------Aggregating local models-------------
2022-01-23 22:48:44:INFO:-------------Round number: 34-------------
2022-01-23 22:48:44:INFO:-------------Sending models-------------
2022-01-23 22:48:44:INFO:-------------Evaluating models-------------
2022-01-23 22:48:44:INFO:Average Global Accuracy and Loss for Each Task:
2022-01-23 22:48:44:INFO:Accuracy = [0.9328993490235353, 0.9126189283925888, 0.8883324987481221, 0.8743114672008012, 0.8765648472709063, 0.8755633450175263, 0.9081121682523786, 0.8953430145217827, 0.8703054581872809, 0.8362543815723585]
2022-01-23 22:48:44:INFO:Loss = [0.18205074403830174, 0.26284904358217737, 0.41757985439480777, 0.2909479645053407, 0.3396273169756857, 0.37417617114377383, 0.2648197124009218, 0.3448683247473409, 0.34038439141695437, 0.40691539281891176]
2022-01-23 22:48:44:INFO:-------------Training local models-------------
2022-01-23 22:50:53:INFO:-------------Aggregating local models-------------
2022-01-23 22:50:55:INFO:-------------Round number: 35-------------
2022-01-23 22:50:55:INFO:-------------Sending models-------------
2022-01-23 22:50:55:INFO:-------------Evaluating models-------------
2022-01-23 22:50:56:INFO:Average Global Accuracy and Loss for Each Task:
2022-01-23 22:50:56:INFO:Accuracy = [0.9334001001502253, 0.9138708062093139, 0.8893340010015023, 0.8743114672008012, 0.8755633450175263, 0.8755633450175263, 0.9121181772658988, 0.8960941412118177, 0.871557336004006, 0.8367551326990486]
2022-01-23 22:50:56:INFO:Loss = [0.1810134791473502, 0.260968166552635, 0.4168513371617546, 0.29019760405343387, 0.3391185235192183, 0.37382031895901635, 0.26293097193429305, 0.3444997631069211, 0.33936445939100257, 0.4070368958373041]
2022-01-23 22:50:56:INFO:-------------Training local models-------------
2022-01-23 22:53:04:INFO:-------------Aggregating local models-------------
2022-01-23 22:53:07:INFO:-------------Round number: 36-------------
2022-01-23 22:53:07:INFO:-------------Sending models-------------
2022-01-23 22:53:07:INFO:-------------Evaluating models-------------
2022-01-23 22:53:07:INFO:Average Global Accuracy and Loss for Each Task:
2022-01-23 22:53:07:INFO:Accuracy = [0.9341512268402604, 0.914621932899349, 0.8890836254381572, 0.8758137205808713, 0.8753129694541812, 0.8755633450175263, 0.9163745618427641, 0.8968452679018528, 0.872308462694041, 0.8375062593890836]
2022-01-23 22:53:07:INFO:Loss = [0.18001386364421756, 0.2591403784452835, 0.4161139164572562, 0.2894836138829199, 0.33864134960291015, 0.37345889152265976, 0.26114748591348097, 0.34411867811543584, 0.3383876607289978, 0.40713906825079854]
2022-01-23 22:53:07:INFO:-------------Training local models-------------
2022-01-23 22:55:16:INFO:-------------Aggregating local models-------------
2022-01-23 22:55:18:INFO:-------------Round number: 37-------------
2022-01-23 22:55:18:INFO:-------------Sending models-------------
2022-01-23 22:55:18:INFO:-------------Evaluating models-------------
2022-01-23 22:55:18:INFO:Average Global Accuracy and Loss for Each Task:
2022-01-23 22:55:18:INFO:Accuracy = [0.9351527290936404, 0.9153730595893841, 0.8895843765648472, 0.8758137205808713, 0.8748122183274912, 0.8760640961442163, 0.9188783174762143, 0.8970956434651978, 0.872308462694041, 0.8372558838257386]
2022-01-23 22:55:18:INFO:Loss = [0.17903852659310496, 0.2573908004911299, 0.4154118527818012, 0.2888115124752359, 0.33815756316333656, 0.3731014218503627, 0.2594820765525888, 0.3437273654135875, 0.33746132813968277, 0.4071932098157046]
2022-01-23 22:55:18:INFO:-------------Training local models-------------
2022-01-23 22:57:27:INFO:-------------Aggregating local models-------------
2022-01-23 22:57:29:INFO:-------------Round number: 38-------------
2022-01-23 22:57:29:INFO:-------------Sending models-------------
2022-01-23 22:57:29:INFO:-------------Evaluating models-------------
2022-01-23 22:57:30:INFO:Average Global Accuracy and Loss for Each Task:
2022-01-23 22:57:30:INFO:Accuracy = [0.9354031046569855, 0.9153730595893841, 0.8895843765648472, 0.8763144717075614, 0.8755633450175263, 0.8763144717075614, 0.9218828242363545, 0.8975963945918878, 0.8730595893840761, 0.8370055082623936]
2022-01-23 22:57:30:INFO:Loss = [0.17810103505976688, 0.2556931179693751, 0.41471986250583925, 0.2881998568844973, 0.33773312572866754, 0.3727447123811932, 0.2579151554072568, 0.34335152877360436, 0.3365727316687382, 0.40724636873356956]
2022-01-23 22:57:30:INFO:-------------Training local models-------------
2022-01-23 22:59:38:INFO:-------------Aggregating local models-------------
2022-01-23 22:59:40:INFO:-------------Round number: 39-------------
2022-01-23 22:59:40:INFO:-------------Sending models-------------
2022-01-23 22:59:40:INFO:-------------Evaluating models-------------
2022-01-23 22:59:41:INFO:Average Global Accuracy and Loss for Each Task:
2022-01-23 22:59:41:INFO:Accuracy = [0.9356534802203305, 0.9166249374061092, 0.8898347521281923, 0.8780671006509765, 0.8758137205808713, 0.8763144717075614, 0.9228843264897346, 0.8990986479719579, 0.8733099649474211, 0.8375062593890836]
2022-01-23 22:59:41:INFO:Loss = [0.17719413438780943, 0.2540463852144591, 0.4140314901541195, 0.2876462353119215, 0.337294717309691, 0.3723856826865711, 0.25643839386080364, 0.34296424697003974, 0.33572267393651406, 0.40726333631184625]
2022-01-23 22:59:41:INFO:-------------Training local models-------------
2022-01-23 23:01:48:INFO:-------------Aggregating local models-------------
